[0501/205916.229:ERROR:process_memory_win.cc(73)] ReadMemory at 0x2672ea87e10 of 72 bytes failed: Only part of a ReadProcessMemory or WriteProcessMemory request was completed. (0x12B)
[0501/205916.598:WARNING:pe_image_annotations_reader.cc(134)] could not read annotations list object in C:\Program Files (x86)\Google\Chrome\Application\81.0.4044.122\chrome_elf.dll
[0501/205916.598:ERROR:process_memory_win.cc(73)] ReadMemory at 0x2672e8f51a0 of 72 bytes failed: Only part of a ReadProcessMemory or WriteProcessMemory request was completed. (0x12B)
[0501/205916.598:WARNING:pe_image_annotations_reader.cc(134)] could not read annotations list object in C:\Program Files (x86)\Google\Chrome\Application\81.0.4044.122\chrome.dll
[0501/205916.770:ERROR:process_memory_win.cc(73)] ReadMemory at 0x2672ea87e10 of 72 bytes failed: Only part of a ReadProcessMemory or WriteProcessMemory request was completed. (0x12B)
[0501/205916.771:WARNING:pe_image_annotations_reader.cc(134)] could not read annotations list object in C:\Program Files (x86)\Google\Chrome\Application\81.0.4044.122\chrome_elf.dll
[0501/205916.771:ERROR:process_memory_win.cc(73)] ReadMemory at 0x2672e8f51a0 of 72 bytes failed: Only part of a ReadProcessMemory or WriteProcessMemory request was completed. (0x12B)
[0501/205916.771:WARNING:pe_image_annotations_reader.cc(134)] could not read annotations list object in C:\Program Files (x86)\Google\Chrome\Application\81.0.4044.122\chrome.dll
[0501/205916.772:ERROR:process_memory_win.cc(73)] ReadMemory at 0x2672ea87e10 of 72 bytes failed: Only part of a ReadProcessMemory or WriteProcessMemory request was completed. (0x12B)
[0501/205916.772:WARNING:pe_image_annotations_reader.cc(134)] could not read annotations list object in C:\Program Files (x86)\Google\Chrome\Application\81.0.4044.122\chrome_elf.dll
[0501/205916.773:ERROR:process_memory_win.cc(73)] ReadMemory at 0x2672e8f51a0 of 72 bytes failed: Only part of a ReadProcessMemory or WriteProcessMemory request was completed. (0x12B)
[0501/205916.773:WARNING:pe_image_annotations_reader.cc(134)] could not read annotations list object in C:\Program Files (x86)\Google\Chrome\Application\81.0.4044.122\chrome.dll
[0501/205916.979:ERROR:process_memory_win.cc(73)] ReadMemory at 0xc55f9e0000 of 131072 bytes failed: Only part of a ReadProcessMemory or WriteProcessMemory request was completed. (0x12B)
[0501/205916.980:ERROR:process_memory_win.cc(73)] ReadMemory at 0xc5601fd000 of 12288 bytes failed: Only part of a ReadProcessMemory or WriteProcessMemory request was completed. (0x12B)
[0501/205916.981:ERROR:process_memory_win.cc(73)] ReadMemory at 0xc5611fc000 of 16384 bytes failed: Only part of a ReadProcessMemory or WriteProcessMemory request was completed. (0x12B)
[0501/205916.981:ERROR:process_memory_win.cc(73)] ReadMemory at 0xc5619fb000 of 20480 bytes failed: Only part of a ReadProcessMemory or WriteProcessMemory request was completed. (0x12B)
[0501/205916.981:ERROR:process_memory_win.cc(73)] ReadMemory at 0xc5621fe000 of 8192 bytes failed: Only part of a ReadProcessMemory or WriteProcessMemory request was completed. (0x12B)
[0501/205916.981:ERROR:process_memory_win.cc(73)] ReadMemory at 0xc5629fd000 of 12288 bytes failed: Only part of a ReadProcessMemory or WriteProcessMemory request was completed. (0x12B)
[0501/205916.981:ERROR:process_memory_win.cc(73)] ReadMemory at 0xc5631fa000 of 24576 bytes failed: Only part of a ReadProcessMemory or WriteProcessMemory request was completed. (0x12B)
[0501/205916.981:ERROR:process_memory_win.cc(73)] ReadMemory at 0xc5641fd000 of 12288 bytes failed: Only part of a ReadProcessMemory or WriteProcessMemory request was completed. (0x12B)
[0501/205916.982:ERROR:process_memory_win.cc(73)] ReadMemory at 0xc5649f5000 of 45056 bytes failed: Only part of a ReadProcessMemory or WriteProcessMemory request was completed. (0x12B)
[0501/205916.982:ERROR:process_memory_win.cc(73)] ReadMemory at 0xc5651f4000 of 49152 bytes failed: Only part of a ReadProcessMemory or WriteProcessMemory request was completed. (0x12B)
[0501/205916.982:ERROR:process_memory_win.cc(73)] ReadMemory at 0xc5659fd000 of 12288 bytes failed: Only part of a ReadProcessMemory or WriteProcessMemory request was completed. (0x12B)
[0501/205916.982:ERROR:process_memory_win.cc(73)] ReadMemory at 0xc5639fd000 of 12288 bytes failed: Only part of a ReadProcessMemory or WriteProcessMemory request was completed. (0x12B)
[0501/205916.982:ERROR:process_memory_win.cc(73)] ReadMemory at 0xc5609f6000 of 40960 bytes failed: Only part of a ReadProcessMemory or WriteProcessMemory request was completed. (0x12B)
[0501/205916.983:ERROR:process_memory_win.cc(73)] ReadMemory at 0xc5661f6000 of 40960 bytes failed: Only part of a ReadProcessMemory or WriteProcessMemory request was completed. (0x12B)
[0501/205916.983:ERROR:process_memory_win.cc(73)] ReadMemory at 0xc5669f6000 of 40960 bytes failed: Only part of a ReadProcessMemory or WriteProcessMemory request was completed. (0x12B)
[0501/205916.983:ERROR:process_memory_win.cc(73)] ReadMemory at 0xc5671fd000 of 12288 bytes failed: Only part of a ReadProcessMemory or WriteProcessMemory request was completed. (0x12B)
[0501/205916.983:ERROR:process_memory_win.cc(73)] ReadMemory at 0xc5679fe000 of 8192 bytes failed: Only part of a ReadProcessMemory or WriteProcessMemory request was completed. (0x12B)
[0501/205917.044:ERROR:process_memory_win.cc(73)] ReadMemory at 0xc55f01e000 of 6024 bytes failed: Only part of a ReadProcessMemory or WriteProcessMemory request was completed. (0x12B)
[0501/205917.044:ERROR:process_memory_win.cc(73)] ReadMemory at 0xc55f020000 of 6024 bytes failed: Only part of a ReadProcessMemory or WriteProcessMemory request was completed. (0x12B)
[0501/205917.044:ERROR:process_memory_win.cc(73)] ReadMemory at 0xc55f026000 of 6024 bytes failed: Only part of a ReadProcessMemory or WriteProcessMemory request was completed. (0x12B)
[0501/205917.044:ERROR:process_memory_win.cc(73)] ReadMemory at 0xc55f028000 of 6024 bytes failed: Only part of a ReadProcessMemory or WriteProcessMemory request was completed. (0x12B)
[0501/205917.044:ERROR:process_memory_win.cc(73)] ReadMemory at 0xc55f02a000 of 6024 bytes failed: Only part of a ReadProcessMemory or WriteProcessMemory request was completed. (0x12B)
[0501/205917.045:ERROR:process_memory_win.cc(73)] ReadMemory at 0xc55f08c000 of 852 bytes failed: Only part of a ReadProcessMemory or WriteProcessMemory request was completed. (0x12B)
[0501/205917.045:ERROR:process_memory_win.cc(73)] ReadMemory at 0xc55f08d000 of 6024 bytes failed: Only part of a ReadProcessMemory or WriteProcessMemory request was completed. (0x12B)
[0501/205917.045:ERROR:process_memory_win.cc(73)] ReadMemory at 0xc55f08f000 of 6024 bytes failed: Only part of a ReadProcessMemory or WriteProcessMemory request was completed. (0x12B)
[0501/205917.045:ERROR:process_memory_win.cc(73)] ReadMemory at 0xc55f093000 of 6024 bytes failed: Only part of a ReadProcessMemory or WriteProcessMemory request was completed. (0x12B)
[0501/205917.045:ERROR:process_memory_win.cc(73)] ReadMemory at 0xc55f095000 of 6024 bytes failed: Only part of a ReadProcessMemory or WriteProcessMemory request was completed. (0x12B)
[0501/205917.045:ERROR:process_memory_win.cc(73)] ReadMemory at 0xc55f097000 of 6024 bytes failed: Only part of a ReadProcessMemory or WriteProcessMemory request was completed. (0x12B)
[0501/205917.045:ERROR:process_memory_win.cc(73)] ReadMemory at 0xc55f099000 of 6024 bytes failed: Only part of a ReadProcessMemory or WriteProcessMemory request was completed. (0x12B)
[0501/205917.045:ERROR:process_memory_win.cc(73)] ReadMemory at 0xc55f09b000 of 6024 bytes failed: Only part of a ReadProcessMemory or WriteProcessMemory request was completed. (0x12B)
[0501/205917.046:ERROR:process_memory_win.cc(73)] ReadMemory at 0xc55f09f000 of 6024 bytes failed: Only part of a ReadProcessMemory or WriteProcessMemory request was completed. (0x12B)
[0501/205917.046:ERROR:process_memory_win.cc(73)] ReadMemory at 0xc55f0a1000 of 6024 bytes failed: Only part of a ReadProcessMemory or WriteProcessMemory request was completed. (0x12B)
[0501/205917.046:ERROR:process_memory_win.cc(73)] ReadMemory at 0xc55f0a3000 of 6024 bytes failed: Only part of a ReadProcessMemory or WriteProcessMemory request was completed. (0x12B)
[0501/205917.082:ERROR:process_memory_win.cc(73)] ReadMemory at 0xc55f0a5000 of 6024 bytes failed: Only part of a ReadProcessMemory or WriteProcessMemory request was completed. (0x12B)
[0501/205917.082:ERROR:process_memory_win.cc(73)] ReadMemory at 0xc55f0af000 of 6024 bytes failed: Only part of a ReadProcessMemory or WriteProcessMemory request was completed. (0x12B)
[0501/205917.082:ERROR:process_memory_win.cc(73)] ReadMemory at 0x2672e7a0fe0 of 4632 bytes failed: Only part of a ReadProcessMemory or WriteProcessMemory request was completed. (0x12B)
[0501/205917.082:ERROR:process_memory_win.cc(73)] ReadMemory at 0x2672e7a2200 of 1012 bytes failed: Only part of a ReadProcessMemory or WriteProcessMemory request was completed. (0x12B)
[0501/205917.082:ERROR:process_memory_win.cc(73)] ReadMemory at 0x2672e7a2848 of 118 bytes failed: Only part of a ReadProcessMemory or WriteProcessMemory request was completed. (0x12B)
[0501/205917.082:ERROR:process_memory_win.cc(73)] ReadMemory at 0x2672e7a28c0 of 840 bytes failed: Only part of a ReadProcessMemory or WriteProcessMemory request was completed. (0x12B)
[0501/205917.083:ERROR:process_memory_win.cc(73)] ReadMemory at 0x2672e7a2c0a of 118 bytes failed: Only part of a ReadProcessMemory or WriteProcessMemory request was completed. (0x12B)
[0501/205917.083:ERROR:process_memory_win.cc(73)] ReadMemory at 0x2672e7a2c82 of 100 bytes failed: Only part of a ReadProcessMemory or WriteProcessMemory request was completed. (0x12B)
[0501/205917.083:ERROR:process_memory_win.cc(73)] ReadMemory at 0x2672e7a2d00 of 58 bytes failed: Only part of a ReadProcessMemory or WriteProcessMemory request was completed. (0x12B)
[0501/205917.083:ERROR:process_memory_win.cc(73)] ReadMemory at 0x2672e7a2e00 of 132 bytes failed: Only part of a ReadProcessMemory or WriteProcessMemory request was completed. (0x12B)
[0501/205917.083:ERROR:process_memory_win.cc(73)] ReadMemory at 0x2672e7a2f90 of 132 bytes failed: Only part of a ReadProcessMemory or WriteProcessMemory request was completed. (0x12B)
[0501/205917.083:ERROR:process_memory_win.cc(73)] ReadMemory at 0x2672e7a3150 of 126 bytes failed: Only part of a ReadProcessMemory or WriteProcessMemory request was completed. (0x12B)
[0501/205917.083:ERROR:process_memory_win.cc(73)] ReadMemory at 0x2672e7a3530 of 132 bytes failed: Only part of a ReadProcessMemory or WriteProcessMemory request was completed. (0x12B)
[0501/205917.083:ERROR:process_memory_win.cc(73)] ReadMemory at 0x2672e7a36c0 of 64 bytes failed: Only part of a ReadProcessMemory or WriteProcessMemory request was completed. (0x12B)
[0501/205917.083:ERROR:process_memory_win.cc(73)] ReadMemory at 0x2672e7a3820 of 132 bytes failed: Only part of a ReadProcessMemory or WriteProcessMemory request was completed. (0x12B)
[0501/205917.084:ERROR:process_memory_win.cc(73)] ReadMemory at 0x2672e7a39b0 of 62 bytes failed: Only part of a ReadProcessMemory or WriteProcessMemory request was completed. (0x12B)
[0501/205917.084:ERROR:process_memory_win.cc(73)] ReadMemory at 0x2672e7a3b20 of 132 bytes failed: Only part of a ReadProcessMemory or WriteProcessMemory request was completed. (0x12B)
[0501/205917.178:ERROR:process_memory_win.cc(73)] ReadMemory at 0x2672e7a3cb0 of 68 bytes failed: Only part of a ReadProcessMemory or WriteProcessMemory request was completed. (0x12B)
[0501/205917.178:ERROR:process_memory_win.cc(73)] ReadMemory at 0x2672e7b06f0 of 132 bytes failed: Only part of a ReadProcessMemory or WriteProcessMemory request was completed. (0x12B)
[0501/205917.178:ERROR:process_memory_win.cc(73)] ReadMemory at 0x2672e7b0860 of 132 bytes failed: Only part of a ReadProcessMemory or WriteProcessMemory request was completed. (0x12B)
[0501/205917.178:ERROR:process_memory_win.cc(73)] ReadMemory at 0x2672e7b0990 of 146 bytes failed: Only part of a ReadProcessMemory or WriteProcessMemory request was completed. (0x12B)
[0501/205917.178:ERROR:process_memory_win.cc(73)] ReadMemory at 0x2672e7b0a70 of 132 bytes failed: Only part of a ReadProcessMemory or WriteProcessMemory request was completed. (0x12B)
[0501/205917.178:ERROR:process_memory_win.cc(73)] ReadMemory at 0x2672e7b0c00 of 154 bytes failed: Only part of a ReadProcessMemory or WriteProcessMemory request was completed. (0x12B)
[0501/205917.178:ERROR:process_memory_win.cc(73)] ReadMemory at 0x2672e7b12f0 of 62 bytes failed: Only part of a ReadProcessMemory or WriteProcessMemory request was completed. (0x12B)
[0501/205917.178:ERROR:process_memory_win.cc(73)] ReadMemory at 0x2672e7b1340 of 132 bytes failed: Only part of a ReadProcessMemory or WriteProcessMemory request was completed. (0x12B)
[0501/205917.179:ERROR:process_memory_win.cc(73)] ReadMemory at 0x2672e7b14e0 of 60 bytes failed: Only part of a ReadProcessMemory or WriteProcessMemory request was completed. (0x12B)
[0501/205917.179:ERROR:process_memory_win.cc(73)] ReadMemory at 0x2672e7b1ab0 of 132 bytes failed: Only part of a ReadProcessMemory or WriteProcessMemory request was completed. (0x12B)
[0501/205917.179:ERROR:process_memory_win.cc(73)] ReadMemory at 0x2672e7b1de0 of 66 bytes failed: Only part of a ReadProcessMemory or WriteProcessMemory request was completed. (0x12B)
[0501/205917.179:ERROR:process_memory_win.cc(73)] ReadMemory at 0x2672e7b1e30 of 64 bytes failed: Only part of a ReadProcessMemory or WriteProcessMemory request was completed. (0x12B)
[0501/205917.179:ERROR:process_memory_win.cc(73)] ReadMemory at 0x2672e7b1e80 of 62 bytes failed: Only part of a ReadProcessMemory or WriteProcessMemory request was completed. (0x12B)
[0501/205917.179:ERROR:process_memory_win.cc(73)] ReadMemory at 0x2672e7b1ed0 of 64 bytes failed: Only part of a ReadProcessMemory or WriteProcessMemory request was completed. (0x12B)
[0501/205917.179:ERROR:process_memory_win.cc(73)] ReadMemory at 0x2672e7b1f20 of 64 bytes failed: Only part of a ReadProcessMemory or WriteProcessMemory request was completed. (0x12B)
[0501/205917.179:ERROR:process_memory_win.cc(73)] ReadMemory at 0x2672e7b20b0 of 60 bytes failed: Only part of a ReadProcessMemory or WriteProcessMemory request was completed. (0x12B)
[0501/205917.179:ERROR:process_memory_win.cc(73)] ReadMemory at 0x2672e7b2150 of 64 bytes failed: Only part of a ReadProcessMemory or WriteProcessMemory request was completed. (0x12B)
[0501/205917.179:ERROR:process_memory_win.cc(73)] ReadMemory at 0x2672e7b21a0 of 60 bytes failed: Only part of a ReadProcessMemory or WriteProcessMemory request was completed. (0x12B)
[0501/205917.179:ERROR:process_memory_win.cc(73)] ReadMemory at 0x2672e7b2330 of 62 bytes failed: Only part of a ReadProcessMemory or WriteProcessMemory request was completed. (0x12B)
[0501/205917.179:ERROR:process_memory_win.cc(73)] ReadMemory at 0x2672e7b3220 of 132 bytes failed: Only part of a ReadProcessMemory or WriteProcessMemory request was completed. (0x12B)
[0501/205917.179:ERROR:process_memory_win.cc(73)] ReadMemory at 0x2672e7b3440 of 132 bytes failed: Only part of a ReadProcessMemory or WriteProcessMemory request was completed. (0x12B)
[0501/205917.179:ERROR:process_memory_win.cc(73)] ReadMemory at 0x2672e7b37a0 of 132 bytes failed: Only part of a ReadProcessMemory or WriteProcessMemory request was completed. (0x12B)
[0501/205917.179:ERROR:process_memory_win.cc(73)] ReadMemory at 0x2672e7b4cb0 of 132 bytes failed: Only part of a ReadProcessMemory or WriteProcessMemory request was completed. (0x12B)
[0501/205917.180:ERROR:process_memory_win.cc(73)] ReadMemory at 0x2672e7b54f0 of 80 bytes failed: Only part of a ReadProcessMemory or WriteProcessMemory request was completed. (0x12B)
[0501/205917.180:ERROR:process_memory_win.cc(73)] ReadMemory at 0x2672e7b5fe0 of 80 bytes failed: Only part of a ReadProcessMemory or WriteProcessMemory request was completed. (0x12B)
[0501/205917.180:ERROR:process_memory_win.cc(73)] ReadMemory at 0x2672e7b6220 of 76 bytes failed: Only part of a ReadProcessMemory or WriteProcessMemory request was completed. (0x12B)
[0501/205917.180:ERROR:process_memory_win.cc(73)] ReadMemory at 0x2672e7b87e0 of 54 bytes failed: Only part of a ReadProcessMemory or WriteProcessMemory request was completed. (0x12B)
[0501/205917.180:ERROR:process_memory_win.cc(73)] ReadMemory at 0x2672e7b97e0 of 132 bytes failed: Only part of a ReadProcessMemory or WriteProcessMemory request was completed. (0x12B)
[0501/205917.180:ERROR:process_memory_win.cc(73)] ReadMemory at 0x2672e7b9b30 of 132 bytes failed: Only part of a ReadProcessMemory or WriteProcessMemory request was completed. (0x12B)
[0501/205917.180:ERROR:process_memory_win.cc(73)] ReadMemory at 0x2672e7bb530 of 132 bytes failed: Only part of a ReadProcessMemory or WriteProcessMemory request was completed. (0x12B)
[0501/205917.181:ERROR:process_memory_win.cc(73)] ReadMemory at 0x2672e7bdc70 of 132 bytes failed: Only part of a ReadProcessMemory or WriteProcessMemory request was completed. (0x12B)
[0501/205917.181:ERROR:process_memory_win.cc(73)] ReadMemory at 0x2672e7bdda0 of 132 bytes failed: Only part of a ReadProcessMemory or WriteProcessMemory request was completed. (0x12B)
[0501/205917.181:ERROR:process_memory_win.cc(73)] ReadMemory at 0x2672e7be000 of 132 bytes failed: Only part of a ReadProcessMemory or WriteProcessMemory request was completed. (0x12B)
[0501/205917.181:ERROR:process_memory_win.cc(73)] ReadMemory at 0x2672e7be130 of 132 bytes failed: Only part of a ReadProcessMemory or WriteProcessMemory request was completed. (0x12B)
[0501/205917.181:ERROR:process_memory_win.cc(73)] ReadMemory at 0x2672e7be260 of 132 bytes failed: Only part of a ReadProcessMemory or WriteProcessMemory request was completed. (0x12B)
[0501/205917.181:ERROR:process_memory_win.cc(73)] ReadMemory at 0x2672e7be390 of 132 bytes failed: Only part of a ReadProcessMemory or WriteProcessMemory request was completed. (0x12B)
[0501/205917.181:ERROR:process_memory_win.cc(73)] ReadMemory at 0x2672e7be4c0 of 132 bytes failed: Only part of a ReadProcessMemory or WriteProcessMemory request was completed. (0x12B)
[0501/205917.182:ERROR:process_memory_win.cc(73)] ReadMemory at 0x2672e7be5f0 of 132 bytes failed: Only part of a ReadProcessMemory or WriteProcessMemory request was completed. (0x12B)
[0501/205917.182:ERROR:process_memory_win.cc(73)] ReadMemory at 0x2672e7be720 of 132 bytes failed: Only part of a ReadProcessMemory or WriteProcessMemory request was completed. (0x12B)
[0501/205917.182:ERROR:process_memory_win.cc(73)] ReadMemory at 0x2672e7be850 of 132 bytes failed: Only part of a ReadProcessMemory or WriteProcessMemory request was completed. (0x12B)
[0501/205917.182:ERROR:process_memory_win.cc(73)] ReadMemory at 0x2672e7be980 of 132 bytes failed: Only part of a ReadProcessMemory or WriteProcessMemory request was completed. (0x12B)
[0501/205917.182:ERROR:process_memory_win.cc(73)] ReadMemory at 0x2672e7beab0 of 132 bytes failed: Only part of a ReadProcessMemory or WriteProcessMemory request was completed. (0x12B)
[0501/205917.382:ERROR:process_memory_win.cc(73)] ReadMemory at 0x2672e7bf020 of 66 bytes failed: Only part of a ReadProcessMemory or WriteProcessMemory request was completed. (0x12B)
[0501/205917.382:ERROR:process_memory_win.cc(73)] ReadMemory at 0x2672e7bf070 of 64 bytes failed: Only part of a ReadProcessMemory or WriteProcessMemory request was completed. (0x12B)
[0501/205917.382:ERROR:process_memory_win.cc(73)] ReadMemory at 0x2672e7bf160 of 62 bytes failed: Only part of a ReadProcessMemory or WriteProcessMemory request was completed. (0x12B)
[0501/205917.382:ERROR:process_memory_win.cc(73)] ReadMemory at 0x2672e7bf1b0 of 62 bytes failed: Only part of a ReadProcessMemory or WriteProcessMemory request was completed. (0x12B)
[0501/205917.382:ERROR:process_memory_win.cc(73)] ReadMemory at 0x2672e7bf200 of 62 bytes failed: Only part of a ReadProcessMemory or WriteProcessMemory request was completed. (0x12B)
[0501/205917.382:ERROR:process_memory_win.cc(73)] ReadMemory at 0x2672e7bf250 of 60 bytes failed: Only part of a ReadProcessMemory or WriteProcessMemory request was completed. (0x12B)
[0501/205917.382:ERROR:process_memory_win.cc(73)] ReadMemory at 0x2672e7bf480 of 62 bytes failed: Only part of a ReadProcessMemory or WriteProcessMemory request was completed. (0x12B)
[0501/205917.383:ERROR:process_memory_win.cc(73)] ReadMemory at 0x2672e7bf570 of 64 bytes failed: Only part of a ReadProcessMemory or WriteProcessMemory request was completed. (0x12B)
[0501/205917.383:ERROR:process_memory_win.cc(73)] ReadMemory at 0x2672e7bf840 of 64 bytes failed: Only part of a ReadProcessMemory or WriteProcessMemory request was completed. (0x12B)
[0501/205917.383:ERROR:process_memory_win.cc(73)] ReadMemory at 0x2672e7bfb10 of 62 bytes failed: Only part of a ReadProcessMemory or WriteProcessMemory request was completed. (0x12B)
[0501/205917.383:ERROR:process_memory_win.cc(73)] ReadMemory at 0x2672e7bfc00 of 60 bytes failed: Only part of a ReadProcessMemory or WriteProcessMemory request was completed. (0x12B)
[0501/205917.383:ERROR:process_memory_win.cc(73)] ReadMemory at 0x2672e7bfc50 of 64 bytes failed: Only part of a ReadProcessMemory or WriteProcessMemory request was completed. (0x12B)
[0501/205917.383:ERROR:process_memory_win.cc(73)] ReadMemory at 0x2672e7bfca0 of 62 bytes failed: Only part of a ReadProcessMemory or WriteProcessMemory request was completed. (0x12B)
[0501/205917.383:ERROR:process_memory_win.cc(73)] ReadMemory at 0x2672e7bfde0 of 58 bytes failed: Only part of a ReadProcessMemory or WriteProcessMemory request was completed. (0x12B)
[0501/205917.383:ERROR:process_memory_win.cc(73)] ReadMemory at 0x2672e7bfe30 of 60 bytes failed: Only part of a ReadProcessMemory or WriteProcessMemory request was completed. (0x12B)
[0501/205917.383:ERROR:process_memory_win.cc(73)] ReadMemory at 0x2672e7bfe80 of 62 bytes failed: Only part of a ReadProcessMemory or WriteProcessMemory request was completed. (0x12B)
[0501/205917.383:ERROR:process_memory_win.cc(73)] ReadMemory at 0x2672e7bfed0 of 60 bytes failed: Only part of a ReadProcessMemory or WriteProcessMemory request was completed. (0x12B)
[0501/205917.383:ERROR:process_memory_win.cc(73)] ReadMemory at 0x2672e7bff20 of 62 bytes failed: Only part of a ReadProcessMemory or WriteProcessMemory request was completed. (0x12B)
[0501/205917.384:ERROR:process_memory_win.cc(73)] ReadMemory at 0x2672e7c0290 of 132 bytes failed: Only part of a ReadProcessMemory or WriteProcessMemory request was completed. (0x12B)
[0501/205917.384:ERROR:process_memory_win.cc(73)] ReadMemory at 0x2672e7c0880 of 132 bytes failed: Only part of a ReadProcessMemory or WriteProcessMemory request was completed. (0x12B)
[0501/205917.384:ERROR:process_memory_win.cc(73)] ReadMemory at 0x2672e7c0ae0 of 132 bytes failed: Only part of a ReadProcessMemory or WriteProcessMemory request was completed. (0x12B)
[0501/205917.384:ERROR:process_memory_win.cc(73)] ReadMemory at 0x2672e7c0d40 of 132 bytes failed: Only part of a ReadProcessMemory or WriteProcessMemory request was completed. (0x12B)
[0501/205917.384:ERROR:process_memory_win.cc(73)] ReadMemory at 0x2672e7c0fa0 of 132 bytes failed: Only part of a ReadProcessMemory or WriteProcessMemory request was completed. (0x12B)
[0501/205917.384:ERROR:process_memory_win.cc(73)] ReadMemory at 0x2672e7c16c0 of 132 bytes failed: Only part of a ReadProcessMemory or WriteProcessMemory request was completed. (0x12B)
[0501/205917.384:ERROR:process_memory_win.cc(73)] ReadMemory at 0x2672e7c17f0 of 132 bytes failed: Only part of a ReadProcessMemory or WriteProcessMemory request was completed. (0x12B)
[0501/205917.384:ERROR:process_memory_win.cc(73)] ReadMemory at 0x2672e7c1920 of 132 bytes failed: Only part of a ReadProcessMemory or WriteProcessMemory request was completed. (0x12B)
[0501/205917.384:ERROR:process_memory_win.cc(73)] ReadMemory at 0x2672e7c1a50 of 132 bytes failed: Only part of a ReadProcessMemory or WriteProcessMemory request was completed. (0x12B)
[0501/205917.385:ERROR:process_memory_win.cc(73)] ReadMemory at 0x2672e7c1b80 of 132 bytes failed: Only part of a ReadProcessMemory or WriteProcessMemory request was completed. (0x12B)
[0501/205917.385:ERROR:process_memory_win.cc(73)] ReadMemory at 0x2672e7c1cb0 of 132 bytes failed: Only part of a ReadProcessMemory or WriteProcessMemory request was completed. (0x12B)
[0501/205917.385:ERROR:process_memory_win.cc(73)] ReadMemory at 0x2672e7d68a0 of 512 bytes failed: Only part of a ReadProcessMemory or WriteProcessMemory request was completed. (0x12B)
[0501/205917.385:ERROR:process_memory_win.cc(73)] ReadMemory at 0x2672e7d7760 of 512 bytes failed: Only part of a ReadProcessMemory or WriteProcessMemory request was completed. (0x12B)
[0501/205917.385:ERROR:process_memory_win.cc(73)] ReadMemory at 0x2672e8d0d00 of 512 bytes failed: Only part of a ReadProcessMemory or WriteProcessMemory request was completed. (0x12B)
[0501/205917.385:ERROR:process_memory_win.cc(73)] ReadMemory at 0x2672e931db0 of 512 bytes failed: Only part of a ReadProcessMemory or WriteProcessMemory request was completed. (0x12B)
[0501/205917.385:ERROR:process_memory_win.cc(73)] ReadMemory at 0x2672e9337d0 of 512 bytes failed: Only part of a ReadProcessMemory or WriteProcessMemory request was completed. (0x12B)
[0501/205917.385:ERROR:process_memory_win.cc(73)] ReadMemory at 0x2672e962970 of 712 bytes failed: Only part of a ReadProcessMemory or WriteProcessMemory request was completed. (0x12B)
[0501/205917.386:ERROR:process_memory_win.cc(73)] ReadMemory at 0x267303cb570 of 512 bytes failed: Only part of a ReadProcessMemory or WriteProcessMemory request was completed. (0x12B)
[0501/205917.401:ERROR:process_memory_win.cc(73)] ReadMemory at 0x267408cf820 of 512 bytes failed: Only part of a ReadProcessMemory or WriteProcessMemory request was completed. (0x12B)
[0501/205917.401:ERROR:process_memory_win.cc(73)] ReadMemory at 0x2674b5fde70 of 512 bytes failed: Only part of a ReadProcessMemory or WriteProcessMemory request was completed. (0x12B)
[0501/205917.401:ERROR:process_memory_win.cc(73)] ReadMemory at 0x2675b6a36f5 of 512 bytes failed: Only part of a ReadProcessMemory or WriteProcessMemory request was completed. (0x12B)
[0501/205917.401:ERROR:process_memory_win.cc(73)] ReadMemory at 0x26761f53900 of 512 bytes failed: Only part of a ReadProcessMemory or WriteProcessMemory request was completed. (0x12B)
[0501/205917.401:ERROR:process_memory_win.cc(73)] ReadMemory at 0x26763ff9e20 of 512 bytes failed: Only part of a ReadProcessMemory or WriteProcessMemory request was completed. (0x12B)
[0501/205917.402:ERROR:process_memory_win.cc(73)] ReadMemory at 0x2676a72cca0 of 512 bytes failed: Only part of a ReadProcessMemory or WriteProcessMemory request was completed. (0x12B)
[0501/205917.402:ERROR:process_memory_win.cc(73)] ReadMemory at 0x2676bc190d8 of 512 bytes failed: Only part of a ReadProcessMemory or WriteProcessMemory request was completed. (0x12B)
[0501/205917.410:ERROR:scoped_process_suspend.cc(40)] NtResumeProcess: An attempt was made to access an exiting process. (0xc000010a)
[0910/121815.315:ERROR:crash_report_database_win.cc(428)] unexpected header
[0910/152238.025:ERROR:crash_report_database_win.cc(428)] unexpected header
[0911/105540.333:ERROR:crash_report_database_win.cc(428)] unexpected header
[0911/114203.020:ERROR:crash_report_database_win.cc(428)] unexpected header
[0911/194554.536:ERROR:crash_report_database_win.cc(428)] unexpected header
[0911/224105.043:ERROR:crash_report_database_win.cc(428)] unexpected header
[0912/112423.160:ERROR:crash_report_database_win.cc(428)] unexpected header
[1017/120605.197:ERROR:filesystem_win.cc(129)] GetFileAttributes C:\Users\Admin\AppData\Local\Google\Chrome\User Data\Crashpad\attachments\119344fd-5e1e-43fb-bb97-d27fa577cbd2: The system cannot find the path specified. (0x3)
[1017/120605.310:ERROR:filesystem_win.cc(129)] GetFileAttributes C:\Users\Admin\AppData\Local\Google\Chrome\User Data\Crashpad\attachments\164c3aaf-20e2-44d3-ab49-21d7974d9760: The system cannot find the path specified. (0x3)
[1017/120605.327:ERROR:filesystem_win.cc(129)] GetFileAttributes C:\Users\Admin\AppData\Local\Google\Chrome\User Data\Crashpad\attachments\1bef416b-1ab7-4287-a7a7-088fcae42d3d: The system cannot find the path specified. (0x3)
[1017/120605.334:ERROR:filesystem_win.cc(129)] GetFileAttributes C:\Users\Admin\AppData\Local\Google\Chrome\User Data\Crashpad\attachments\2197a050-e772-4028-82dc-09ade54c0329: The system cannot find the path specified. (0x3)
[1017/120605.511:ERROR:filesystem_win.cc(129)] GetFileAttributes C:\Users\Admin\AppData\Local\Google\Chrome\User Data\Crashpad\attachments\25d8f2c8-5f32-4b70-a24d-0c0aa96cfd88: The system cannot find the path specified. (0x3)
[1017/120605.599:ERROR:filesystem_win.cc(129)] GetFileAttributes C:\Users\Admin\AppData\Local\Google\Chrome\User Data\Crashpad\attachments\2e0922d4-f936-4ae3-8a70-8d485026269b: The system cannot find the path specified. (0x3)
[1017/120605.650:ERROR:filesystem_win.cc(129)] GetFileAttributes C:\Users\Admin\AppData\Local\Google\Chrome\User Data\Crashpad\attachments\3611d8e3-3fbe-4965-be1a-3aea214c3c42: The system cannot find the path specified. (0x3)
[1017/120605.682:ERROR:filesystem_win.cc(129)] GetFileAttributes C:\Users\Admin\AppData\Local\Google\Chrome\User Data\Crashpad\attachments\49f113db-c901-4291-a356-8308c5157aa2: The system cannot find the path specified. (0x3)
[1017/120605.689:ERROR:filesystem_win.cc(129)] GetFileAttributes C:\Users\Admin\AppData\Local\Google\Chrome\User Data\Crashpad\attachments\4dbb7de5-2957-4982-9df8-0c7d413db9a1: The system cannot find the path specified. (0x3)
[1017/120605.691:ERROR:filesystem_win.cc(129)] GetFileAttributes C:\Users\Admin\AppData\Local\Google\Chrome\User Data\Crashpad\attachments\51a3d5e2-02ed-4b9c-b96d-1a825d43c3d0: The system cannot find the path specified. (0x3)
[1017/120605.710:ERROR:filesystem_win.cc(129)] GetFileAttributes C:\Users\Admin\AppData\Local\Google\Chrome\User Data\Crashpad\attachments\5afa4f56-db16-4cfb-850a-ebf6eeb6540c: The system cannot find the path specified. (0x3)
[1017/120605.724:ERROR:filesystem_win.cc(129)] GetFileAttributes C:\Users\Admin\AppData\Local\Google\Chrome\User Data\Crashpad\attachments\64e13552-36f5-47e2-87f4-b9847dd4dec2: The system cannot find the path specified. (0x3)
[1017/120605.739:ERROR:filesystem_win.cc(129)] GetFileAttributes C:\Users\Admin\AppData\Local\Google\Chrome\User Data\Crashpad\attachments\69589150-8884-4205-8f60-d071bb8d0128: The system cannot find the path specified. (0x3)
[1017/120605.752:ERROR:filesystem_win.cc(129)] GetFileAttributes C:\Users\Admin\AppData\Local\Google\Chrome\User Data\Crashpad\attachments\6d34c783-5cd3-46fa-bbb6-f6efb285dc7c: The system cannot find the path specified. (0x3)
[1017/120605.780:ERROR:filesystem_win.cc(129)] GetFileAttributes C:\Users\Admin\AppData\Local\Google\Chrome\User Data\Crashpad\attachments\82345809-99f7-4b79-ad7b-35e25944d1f0: The system cannot find the path specified. (0x3)
[1017/120605.783:ERROR:filesystem_win.cc(129)] GetFileAttributes C:\Users\Admin\AppData\Local\Google\Chrome\User Data\Crashpad\attachments\897d3548-42fb-4207-a6fd-21d64becb8ed: The system cannot find the path specified. (0x3)
[1017/120605.798:ERROR:filesystem_win.cc(129)] GetFileAttributes C:\Users\Admin\AppData\Local\Google\Chrome\User Data\Crashpad\attachments\8b2e6661-ba02-43fd-9ca0-33d91204bc5b: The system cannot find the path specified. (0x3)
[1017/120605.809:ERROR:filesystem_win.cc(129)] GetFileAttributes C:\Users\Admin\AppData\Local\Google\Chrome\User Data\Crashpad\attachments\94059582-1178-4f17-9a41-dbc37c66477b: The system cannot find the path specified. (0x3)
[1017/120605.835:ERROR:filesystem_win.cc(129)] GetFileAttributes C:\Users\Admin\AppData\Local\Google\Chrome\User Data\Crashpad\attachments\96215b3d-174d-447b-bbd1-7a5546612a75: The system cannot find the path specified. (0x3)
[1017/120605.841:ERROR:filesystem_win.cc(129)] GetFileAttributes C:\Users\Admin\AppData\Local\Google\Chrome\User Data\Crashpad\attachments\98fb32af-fb21-48b8-875f-96c1e7cb10cf: The system cannot find the path specified. (0x3)
[1017/120605.870:ERROR:filesystem_win.cc(129)] GetFileAttributes C:\Users\Admin\AppData\Local\Google\Chrome\User Data\Crashpad\attachments\a151b63e-2733-428d-9286-6e52f808198a: The system cannot find the path specified. (0x3)
[1017/120605.886:ERROR:filesystem_win.cc(129)] GetFileAttributes C:\Users\Admin\AppData\Local\Google\Chrome\User Data\Crashpad\attachments\abcace14-aa0a-4d32-a316-9e44d71afc95: The system cannot find the path specified. (0x3)
[1017/120605.904:ERROR:filesystem_win.cc(129)] GetFileAttributes C:\Users\Admin\AppData\Local\Google\Chrome\User Data\Crashpad\attachments\ad00da65-2815-4a91-9e9a-02fe31a396c4: The system cannot find the path specified. (0x3)
[1017/120606.000:ERROR:filesystem_win.cc(129)] GetFileAttributes C:\Users\Admin\AppData\Local\Google\Chrome\User Data\Crashpad\attachments\be4e7b8f-aa5f-474e-ba1c-f825678e05be: The system cannot find the path specified. (0x3)
[1017/120606.038:ERROR:filesystem_win.cc(129)] GetFileAttributes C:\Users\Admin\AppData\Local\Google\Chrome\User Data\Crashpad\attachments\be63db3c-e63f-4ff4-9de9-5bb272f51034: The system cannot find the path specified. (0x3)
[1017/120606.057:ERROR:filesystem_win.cc(129)] GetFileAttributes C:\Users\Admin\AppData\Local\Google\Chrome\User Data\Crashpad\attachments\cdef56d5-5092-4a4a-aa0e-5eb154cc2fe3: The system cannot find the path specified. (0x3)
[1017/120606.069:ERROR:filesystem_win.cc(129)] GetFileAttributes C:\Users\Admin\AppData\Local\Google\Chrome\User Data\Crashpad\attachments\dc0f8f22-c351-472d-a855-b31231b2ffb0: The system cannot find the path specified. (0x3)
[1017/120606.076:ERROR:filesystem_win.cc(129)] GetFileAttributes C:\Users\Admin\AppData\Local\Google\Chrome\User Data\Crashpad\attachments\e1e84321-4cf9-4fe4-a913-8e3f939de209: The system cannot find the path specified. (0x3)
[1017/120606.102:ERROR:filesystem_win.cc(129)] GetFileAttributes C:\Users\Admin\AppData\Local\Google\Chrome\User Data\Crashpad\attachments\e21b666f-0c69-4267-b513-d35dc28878c9: The system cannot find the path specified. (0x3)
[1017/120606.115:ERROR:filesystem_win.cc(129)] GetFileAttributes C:\Users\Admin\AppData\Local\Google\Chrome\User Data\Crashpad\attachments\fd4347ff-7c4f-4f7d-ad44-d6cda87a1eab: The system cannot find the path specified. (0x3)
[1017/120606.116:ERROR:directory_reader_win.cc(43)] FindFirstFile: The system cannot find the path specified. (0x3)
[1019/051849.983:ERROR:directory_reader_win.cc(43)] FindFirstFile: The system cannot find the path specified. (0x3)
[1020/115948.643:ERROR:directory_reader_win.cc(43)] FindFirstFile: The system cannot find the path specified. (0x3)
[1021/132856.771:ERROR:directory_reader_win.cc(43)] FindFirstFile: The system cannot find the path specified. (0x3)
[1022/154037.209:ERROR:directory_reader_win.cc(43)] FindFirstFile: The system cannot find the path specified. (0x3)
[1023/203552.215:ERROR:directory_reader_win.cc(43)] FindFirstFile: The system cannot find the path specified. (0x3)
[1024/220131.815:ERROR:directory_reader_win.cc(43)] FindFirstFile: The system cannot find the path specified. (0x3)
[1026/153608.315:ERROR:directory_reader_win.cc(43)] FindFirstFile: The system cannot find the path specified. (0x3)
[1026/153608.538:ERROR:filesystem_win.cc(129)] GetFileAttributes C:\Users\Admin\AppData\Local\Google\Chrome\User Data\Crashpad\attachments\b43ea77b-e93a-4c64-a564-927181b2b2ab: The system cannot find the path specified. (0x3)
[1026/153608.672:ERROR:filesystem_win.cc(129)] GetFileAttributes C:\Users\Admin\AppData\Local\Google\Chrome\User Data\Crashpad\attachments\bfdf20d7-1f23-47ef-8a17-c2805fff00df: The system cannot find the path specified. (0x3)
[1026/153608.744:ERROR:filesystem_win.cc(129)] GetFileAttributes C:\Users\Admin\AppData\Local\Google\Chrome\User Data\Crashpad\attachments\529815c8-b01f-44ed-b7d3-1fd210195fe8: The system cannot find the path specified. (0x3)
[1026/153608.992:ERROR:filesystem_win.cc(129)] GetFileAttributes C:\Users\Admin\AppData\Local\Google\Chrome\User Data\Crashpad\attachments\cde72f68-a6ef-4a55-bb19-95e5e53c38d1: The system cannot find the path specified. (0x3)
[1026/153608.998:ERROR:filesystem_win.cc(129)] GetFileAttributes C:\Users\Admin\AppData\Local\Google\Chrome\User Data\Crashpad\attachments\8ad25d46-a6ee-4a1e-9b9e-59d837c41e09: The system cannot find the path specified. (0x3)
[1026/153609.030:ERROR:filesystem_win.cc(129)] GetFileAttributes C:\Users\Admin\AppData\Local\Google\Chrome\User Data\Crashpad\attachments\283daab0-53d4-4e21-aee0-8c970172edda: The system cannot find the path specified. (0x3)
[1026/153609.043:ERROR:filesystem_win.cc(129)] GetFileAttributes C:\Users\Admin\AppData\Local\Google\Chrome\User Data\Crashpad\attachments\2f669b2e-89ae-40b0-8bb3-af934f72b658: The system cannot find the path specified. (0x3)
[1026/153609.051:ERROR:filesystem_win.cc(129)] GetFileAttributes C:\Users\Admin\AppData\Local\Google\Chrome\User Data\Crashpad\attachments\36ddab9b-c301-4047-b60f-bad39b651a39: The system cannot find the path specified. (0x3)
[1026/153609.060:ERROR:filesystem_win.cc(129)] GetFileAttributes C:\Users\Admin\AppData\Local\Google\Chrome\User Data\Crashpad\attachments\ebf6b5bd-afc7-4cf1-b6dd-5df5e23a0fc6: The system cannot find the path specified. (0x3)
[1026/153609.076:ERROR:filesystem_win.cc(129)] GetFileAttributes C:\Users\Admin\AppData\Local\Google\Chrome\User Data\Crashpad\attachments\39f32d29-c1b3-4ead-a5af-c49901f88389: The system cannot find the path specified. (0x3)
[1026/153609.110:ERROR:filesystem_win.cc(129)] GetFileAttributes C:\Users\Admin\AppData\Local\Google\Chrome\User Data\Crashpad\attachments\c07a01b1-faf3-4221-aa73-e4f14a13a9db: The system cannot find the path specified. (0x3)
[1026/153609.134:ERROR:filesystem_win.cc(129)] GetFileAttributes C:\Users\Admin\AppData\Local\Google\Chrome\User Data\Crashpad\attachments\be785e1b-6b87-4e8c-8c7b-5d980f410581: The system cannot find the path specified. (0x3)
[1026/153609.168:ERROR:filesystem_win.cc(129)] GetFileAttributes C:\Users\Admin\AppData\Local\Google\Chrome\User Data\Crashpad\attachments\1a466139-0488-4e39-bade-d7e78acee4fb: The system cannot find the path specified. (0x3)
[1026/153609.467:ERROR:filesystem_win.cc(129)] GetFileAttributes C:\Users\Admin\AppData\Local\Google\Chrome\User Data\Crashpad\attachments\50c2f4c3-ebfc-47bb-823f-4727a317841a: The system cannot find the path specified. (0x3)
[1027/180351.516:ERROR:directory_reader_win.cc(43)] FindFirstFile: The system cannot find the path specified. (0x3)
[1027/180351.947:ERROR:filesystem_win.cc(129)] GetFileAttributes C:\Users\Admin\AppData\Local\Google\Chrome\User Data\Crashpad\attachments\b44417bf-64aa-4e72-ae99-3fdcc053adff: The system cannot find the path specified. (0x3)
[1027/180352.058:ERROR:filesystem_win.cc(129)] GetFileAttributes C:\Users\Admin\AppData\Local\Google\Chrome\User Data\Crashpad\attachments\42e56f44-60c1-442b-a139-cd5bebe73db0: The system cannot find the path specified. (0x3)
[1027/180352.127:ERROR:filesystem_win.cc(129)] GetFileAttributes C:\Users\Admin\AppData\Local\Google\Chrome\User Data\Crashpad\attachments\a8cb1d9b-3045-4064-a971-d589a9c2a1d9: The system cannot find the path specified. (0x3)
[1027/180352.139:ERROR:filesystem_win.cc(129)] GetFileAttributes C:\Users\Admin\AppData\Local\Google\Chrome\User Data\Crashpad\attachments\f8a9ba48-e436-4416-923a-b051c88a39b3: The system cannot find the path specified. (0x3)
[1027/180352.173:ERROR:filesystem_win.cc(129)] GetFileAttributes C:\Users\Admin\AppData\Local\Google\Chrome\User Data\Crashpad\attachments\d7c38dd0-a03a-4c07-a7d9-f5c4b172351a: The system cannot find the path specified. (0x3)
[1027/180352.203:ERROR:filesystem_win.cc(129)] GetFileAttributes C:\Users\Admin\AppData\Local\Google\Chrome\User Data\Crashpad\attachments\34b3720e-55a6-4e3f-8d20-4447fedbe192: The system cannot find the path specified. (0x3)
[1027/180352.505:ERROR:filesystem_win.cc(129)] GetFileAttributes C:\Users\Admin\AppData\Local\Google\Chrome\User Data\Crashpad\attachments\40c1584b-ec90-419c-8853-7d3dca27dbec: The system cannot find the path specified. (0x3)
